<?xml version="1.0" encoding="UTF-8" ?>
<testsuite errors="1" failures="0" name="com.example.unittest.MainActivityUnitTest.java" tests="1" time="0.0">
  <properties>
[...]
</properties>
  <error message="com.example.unittest.MainActivityUnitTest.java" type="java.lang.ClassNotFoundException">java.lang.ClassNotFoundException: com.example.unittest.MainActivityUnitTest.java
	at java.net.URLClassLoader$1.run(URLClassLoader.java:366)
	at java.net.URLClassLoader$1.run(URLClassLoader.java:355)
	at java.security.AccessController.doPrivileged(Native Method)
	at java.net.URLClassLoader.findClass(URLClassLoader.java:354)
	at java.lang.ClassLoader.loadClass(ClassLoader.java:425)
	at java.lang.ClassLoader.loadClass(ClassLoader.java:358)
	at java.lang.ClassLoader.loadClass(ClassLoader.java:358)
	at java.lang.Class.forName0(Native Method)
	at java.lang.Class.forName(Class.java:270)
</error>
  <system-out><![CDATA[]]></system-out>
  <system-err><![CDATA[]]></system-err>
</testsuite>
